cl : command line warning D9035: option 'Gm' has been deprecated and will be removed in a future release
  TestCode.cpp
C:\Users\Mazen\Desktop\phase 1 final 1.0\Phase1 - Code F22\TestCode.cpp(39,20): warning C4101: 'P4': unreferenced local variable
C:\Users\Mazen\Desktop\phase 1 final 1.0\Phase1 - Code F22\TestCode.cpp(39,24): warning C4101: 'P5': unreferenced local variable
C:\Users\Mazen\Desktop\phase 1 final 1.0\Phase1 - Code F22\TestCode.cpp(39,28): warning C4101: 'P6': unreferenced local variable
  Output.cpp
C:\Users\Mazen\Desktop\phase 1 final 1.0\Phase1 - Code F22\GUI\Output.cpp(272,25): warning C4244: 'initializing': conversion from 'double' to 'int', possible loss of data
C:\Users\Mazen\Desktop\phase 1 final 1.0\Phase1 - Code F22\GUI\Output.cpp(272,19): warning C4244: 'initializing': conversion from 'double' to 'const int', possible loss of data
C:\Users\Mazen\Desktop\phase 1 final 1.0\Phase1 - Code F22\GUI\Output.cpp(296,36): warning C4244: '=': conversion from 'double' to 'int', possible loss of data
C:\Users\Mazen\Desktop\phase 1 final 1.0\Phase1 - Code F22\GUI\Output.cpp(297,39): warning C4244: '=': conversion from 'double' to 'int', possible loss of data
C:\Users\Mazen\Desktop\phase 1 final 1.0\Phase1 - Code F22\GUI\Output.cpp(299,39): warning C4244: '=': conversion from 'double' to 'int', possible loss of data
C:\Users\Mazen\Desktop\phase 1 final 1.0\Phase1 - Code F22\GUI\Output.cpp(300,39): warning C4244: '=': conversion from 'double' to 'int', possible loss of data
  Input.cpp
  windowinput.cpp
  mousequeue.cpp
  keyqueue.cpp
  image.cpp
C:\Users\Mazen\Desktop\phase 1 final 1.0\Phase1 - Code F22\CMUgraphicsLib\image.cpp(115,29): warning C4018: '<': signed/unsigned mismatch
  colors.cpp
  CMUgraphics.cpp
C:\Users\Mazen\Desktop\phase 1 final 1.0\Phase1 - Code F22\CMUgraphicsLib\CMUgraphics.cpp(257,9): warning C4101: 'iX': unreferenced local variable
C:\Users\Mazen\Desktop\phase 1 final 1.0\Phase1 - Code F22\CMUgraphicsLib\CMUgraphics.cpp(257,13): warning C4101: 'iY': unreferenced local variable
C:\Users\Mazen\Desktop\phase 1 final 1.0\Phase1 - Code F22\CMUgraphicsLib\CMUgraphics.cpp(751,3): warning C4996: 'strcpy': This function or variable may be unsafe. Consider using strcpy_s instead. To disable deprecation, use _CRT_SECURE_NO_WARNINGS. See online help for details.
C:\Users\Mazen\Desktop\phase 1 final 1.0\Phase1 - Code F22\CMUgraphicsLib\CMUgraphics.cpp(1164,2): warning C4996: 'sprintf': This function or variable may be unsafe. Consider using sprintf_s instead. To disable deprecation, use _CRT_SECURE_NO_WARNINGS. See online help for details.
C:\Users\Mazen\Desktop\phase 1 final 1.0\Phase1 - Code F22\CMUgraphicsLib\CMUgraphics.cpp(1171,2): warning C4996: 'sprintf': This function or variable may be unsafe. Consider using sprintf_s instead. To disable deprecation, use _CRT_SECURE_NO_WARNINGS. See online help for details.
C:\Users\Mazen\Desktop\phase 1 final 1.0\Phase1 - Code F22\CMUgraphicsLib\CMUgraphics.cpp(1202,2): warning C4996: 'sprintf': This function or variable may be unsafe. Consider using sprintf_s instead. To disable deprecation, use _CRT_SECURE_NO_WARNINGS. See online help for details.
C:\Users\Mazen\Desktop\phase 1 final 1.0\Phase1 - Code F22\CMUgraphicsLib\CMUgraphics.cpp(1210,2): warning C4996: 'sprintf': This function or variable may be unsafe. Consider using sprintf_s instead. To disable deprecation, use _CRT_SECURE_NO_WARNINGS. See online help for details.
C:\Users\Mazen\Desktop\phase 1 final 1.0\Phase1 - Code F22\CMUgraphicsLib\CMUgraphics.cpp(1357,23): warning C4018: '>': signed/unsigned mismatch
  auxil.cpp
  Generating Code...
cl : command line warning D9035: option 'Gm' has been deprecated and will be removed in a future release
  jutils.c
  jquant2.c
  jquant1.c
  jmemnobs.c
  jmemmgr.c
C:\Users\Mazen\Desktop\phase 1 final 1.0\Phase1 - Code F22\CMUgraphicsLib\jpeg\jmemmgr.c(1103,19): warning C4996: 'getenv': This function or variable may be unsafe. Consider using _dupenv_s instead. To disable deprecation, use _CRT_SECURE_NO_WARNINGS. See online help for details.
C:\Users\Mazen\Desktop\phase 1 final 1.0\Phase1 - Code F22\CMUgraphicsLib\jpeg\jmemmgr.c(1106,11): warning C4996: 'sscanf': This function or variable may be unsafe. Consider using sscanf_s instead. To disable deprecation, use _CRT_SECURE_NO_WARNINGS. See online help for details.
  jidctred.c
  jidctint.c
  jidctfst.c
  jidctflt.c
  jerror.c
C:\Users\Mazen\Desktop\phase 1 final 1.0\Phase1 - Code F22\CMUgraphicsLib\jpeg\jerror.c(169,5): warning C4996: 'sprintf': This function or variable may be unsafe. Consider using sprintf_s instead. To disable deprecation, use _CRT_SECURE_NO_WARNINGS. See online help for details.
C:\Users\Mazen\Desktop\phase 1 final 1.0\Phase1 - Code F22\CMUgraphicsLib\jpeg\jerror.c(171,5): warning C4996: 'sprintf': This function or variable may be unsafe. Consider using sprintf_s instead. To disable deprecation, use _CRT_SECURE_NO_WARNINGS. See online help for details.
  jdtrans.c
  jdsample.c
  jdpostct.c
  jdphuff.c
  jdmerge.c
  jdmaster.c
  jdmarker.c
  jdmainct.c
  jdinput.c
  jdhuff.c
  Generating Code...
  Compiling...
  jddctmgr.c
  jdcolor.c
  jdcoefct.c
  jdatasrc.c
  jdapistd.c
  jdapimin.c
  jcparam.c
  jcomapi.c
  jpegload.c
C:\Users\Mazen\Desktop\phase 1 final 1.0\Phase1 - Code F22\CMUgraphicsLib\jpegload.c(23,12): warning C4996: 'fopen': This function or variable may be unsafe. Consider using fopen_s instead. To disable deprecation, use _CRT_SECURE_NO_WARNINGS. See online help for details.
  Generating Code...
auxil.obj : warning LNK4075: ignoring '/EDITANDCONTINUE' due to '/SAFESEH' specification
  PT-Project.vcxproj -> C:\Users\Mazen\Desktop\phase 1 final 1.0\Phase1 - Code F22\Debug\PT Project.exe
